<?xml version="1.0" encoding="UTF-8"?>
<!-- Generated by org.testng.reporters.JUnitXMLReporter -->
<testsuite hostname="nothing" ignored="0" name="Surefire test" tests="1" failures="1" timestamp="15 Dec 2019 10:57:41 GMT" time="31.99" errors="0">
  <testcase name="loginTest" time="0.009" classname="com.vTigerMvnFramework.TestCases.LoginTest">
    <failure type="java.lang.AssertionError" message="expected [true] but found [false]">
      <![CDATA[java.lang.AssertionError: expected [true] but found [false]
	at com.vTigerMvnFramework.TestCases.LoginTest.loginTest(LoginTest.java:16)
... Removed 34 stack frames]]>
    </failure>
  </testcase> <!-- loginTest -->
</testsuite> <!-- Surefire test -->
