<?xml version="1.0" encoding="UTF-8"?>
<testng-results skipped="0" failed="0" ignored="0" total="1" passed="1">
  <reporter-output>
  </reporter-output>
  <suite name="Surefire suite" duration-ms="16566" started-at="2019-12-16T04:19:33Z" finished-at="2019-12-16T04:19:50Z">
    <groups>
    </groups>
    <test name="Surefire test" duration-ms="16566" started-at="2019-12-16T04:19:33Z" finished-at="2019-12-16T04:19:50Z">
      <class name="com.vTigerMvnFramework.TestCases.LoginTest">
        <test-method status="PASS" signature="configBC()[pri:0, instance:com.vTigerMvnFramework.TestCases.LoginTest@6bf256fa]" name="configBC" is-config="true" duration-ms="10926" started-at="2019-12-16T09:49:33Z" finished-at="2019-12-16T09:49:44Z">
          <reporter-output>
          </reporter-output>
        </test-method> <!-- configBC -->
        <test-method status="PASS" signature="configBM()[pri:0, instance:com.vTigerMvnFramework.TestCases.LoginTest@6bf256fa]" name="configBM" is-config="true" duration-ms="2130" started-at="2019-12-16T09:49:44Z" finished-at="2019-12-16T09:49:46Z">
          <reporter-output>
          </reporter-output>
        </test-method> <!-- configBM -->
        <test-method status="PASS" signature="loginTest()[pri:0, instance:com.vTigerMvnFramework.TestCases.LoginTest@6bf256fa]" name="loginTest" duration-ms="1" started-at="2019-12-16T09:49:46Z" finished-at="2019-12-16T09:49:46Z">
          <reporter-output>
          </reporter-output>
        </test-method> <!-- loginTest -->
        <test-method status="PASS" signature="configAM()[pri:0, instance:com.vTigerMvnFramework.TestCases.LoginTest@6bf256fa]" name="configAM" is-config="true" duration-ms="2843" started-at="2019-12-16T09:49:46Z" finished-at="2019-12-16T09:49:49Z">
          <reporter-output>
          </reporter-output>
        </test-method> <!-- configAM -->
        <test-method status="PASS" signature="configAC()[pri:0, instance:com.vTigerMvnFramework.TestCases.LoginTest@6bf256fa]" name="configAC" is-config="true" duration-ms="643" started-at="2019-12-16T09:49:49Z" finished-at="2019-12-16T09:49:50Z">
          <reporter-output>
          </reporter-output>
        </test-method> <!-- configAC -->
      </class> <!-- com.vTigerMvnFramework.TestCases.LoginTest -->
    </test> <!-- Surefire test -->
  </suite> <!-- Surefire suite -->
</testng-results>
